[0.433s] Invoking command in '/home/autodrive_devkit/src/f1tenth_stanley_controller': PYTHONPATH=/home/autodrive_devkit/src/f1tenth_stanley_controller/build/f1tenth_stanley_controller/prefix_override:/usr/lib/python3/dist-packages/colcon_core/task/python/colcon_distutils_commands:/home/autodrive_devkit/src/f1tenth_stanley_controller/install/f1tenth_stanley_controller/lib/python3.10/site-packages:${PYTHONPATH} /usr/bin/python3 -W ignore:setup.py install is deprecated -W ignore:easy_install command is deprecated setup.py egg_info --egg-base build/f1tenth_stanley_controller build --build-base /home/autodrive_devkit/src/f1tenth_stanley_controller/build/f1tenth_stanley_controller/build install --record /home/autodrive_devkit/src/f1tenth_stanley_controller/build/f1tenth_stanley_controller/install.log --single-version-externally-managed install_data
[0.601s] running egg_info
[0.602s] writing build/f1tenth_stanley_controller/f1tenth_stanley_controller.egg-info/PKG-INFO
[0.602s] writing dependency_links to build/f1tenth_stanley_controller/f1tenth_stanley_controller.egg-info/dependency_links.txt
[0.602s] writing entry points to build/f1tenth_stanley_controller/f1tenth_stanley_controller.egg-info/entry_points.txt
[0.602s] writing requirements to build/f1tenth_stanley_controller/f1tenth_stanley_controller.egg-info/requires.txt
[0.602s] writing top-level names to build/f1tenth_stanley_controller/f1tenth_stanley_controller.egg-info/top_level.txt
[0.604s] reading manifest file 'build/f1tenth_stanley_controller/f1tenth_stanley_controller.egg-info/SOURCES.txt'
[0.605s] writing manifest file 'build/f1tenth_stanley_controller/f1tenth_stanley_controller.egg-info/SOURCES.txt'
[0.605s] running build
[0.605s] running build_py
[0.605s] running install
[0.606s] running install_lib
[0.607s] running install_data
[0.607s] copying launch/controller_launch.py -> /home/autodrive_devkit/src/f1tenth_stanley_controller/install/f1tenth_stanley_controller/share/f1tenth_stanley_controller/launch
[0.607s] running install_egg_info
[0.609s] removing '/home/autodrive_devkit/src/f1tenth_stanley_controller/install/f1tenth_stanley_controller/lib/python3.10/site-packages/f1tenth_stanley_controller-0.0.0-py3.10.egg-info' (and everything under it)
[0.609s] Copying build/f1tenth_stanley_controller/f1tenth_stanley_controller.egg-info to /home/autodrive_devkit/src/f1tenth_stanley_controller/install/f1tenth_stanley_controller/lib/python3.10/site-packages/f1tenth_stanley_controller-0.0.0-py3.10.egg-info
[0.610s] running install_scripts
[0.625s] Installing controller_node script to /home/autodrive_devkit/src/f1tenth_stanley_controller/install/f1tenth_stanley_controller/lib/f1tenth_stanley_controller
[0.626s] Installing wheel_odom_node script to /home/autodrive_devkit/src/f1tenth_stanley_controller/install/f1tenth_stanley_controller/lib/f1tenth_stanley_controller
[0.626s] writing list of installed files to '/home/autodrive_devkit/src/f1tenth_stanley_controller/build/f1tenth_stanley_controller/install.log'
[0.650s] Invoked command in '/home/autodrive_devkit/src/f1tenth_stanley_controller' returned '0': PYTHONPATH=/home/autodrive_devkit/src/f1tenth_stanley_controller/build/f1tenth_stanley_controller/prefix_override:/usr/lib/python3/dist-packages/colcon_core/task/python/colcon_distutils_commands:/home/autodrive_devkit/src/f1tenth_stanley_controller/install/f1tenth_stanley_controller/lib/python3.10/site-packages:${PYTHONPATH} /usr/bin/python3 -W ignore:setup.py install is deprecated -W ignore:easy_install command is deprecated setup.py egg_info --egg-base build/f1tenth_stanley_controller build --build-base /home/autodrive_devkit/src/f1tenth_stanley_controller/build/f1tenth_stanley_controller/build install --record /home/autodrive_devkit/src/f1tenth_stanley_controller/build/f1tenth_stanley_controller/install.log --single-version-externally-managed install_data
