[0.342s] Invoking command in '/home/autodrive_devkit/src/f1tenth_stanley_controller': PYTHONPATH=/home/autodrive_devkit/src/f1tenth_stanley_controller/build/f1tenth_stanley_controller/prefix_override:/usr/lib/python3/dist-packages/colcon_core/task/python/colcon_distutils_commands:/home/autodrive_devkit/src/f1tenth_stanley_controller/install/f1tenth_stanley_controller/lib/python3.10/site-packages:${PYTHONPATH} /usr/bin/python3 -W ignore:setup.py install is deprecated -W ignore:easy_install command is deprecated setup.py egg_info --egg-base build/f1tenth_stanley_controller build --build-base /home/autodrive_devkit/src/f1tenth_stanley_controller/build/f1tenth_stanley_controller/build install --record /home/autodrive_devkit/src/f1tenth_stanley_controller/build/f1tenth_stanley_controller/install.log --single-version-externally-managed install_data
[0.471s] running egg_info
[0.471s] creating build/f1tenth_stanley_controller/f1tenth_stanley_controller.egg-info
[0.472s] writing build/f1tenth_stanley_controller/f1tenth_stanley_controller.egg-info/PKG-INFO
[0.472s] writing dependency_links to build/f1tenth_stanley_controller/f1tenth_stanley_controller.egg-info/dependency_links.txt
[0.472s] writing entry points to build/f1tenth_stanley_controller/f1tenth_stanley_controller.egg-info/entry_points.txt
[0.472s] writing requirements to build/f1tenth_stanley_controller/f1tenth_stanley_controller.egg-info/requires.txt
[0.472s] writing top-level names to build/f1tenth_stanley_controller/f1tenth_stanley_controller.egg-info/top_level.txt
[0.472s] writing manifest file 'build/f1tenth_stanley_controller/f1tenth_stanley_controller.egg-info/SOURCES.txt'
[0.473s] reading manifest file 'build/f1tenth_stanley_controller/f1tenth_stanley_controller.egg-info/SOURCES.txt'
[0.474s] writing manifest file 'build/f1tenth_stanley_controller/f1tenth_stanley_controller.egg-info/SOURCES.txt'
[0.474s] running build
[0.474s] running build_py
[0.474s] creating /home/autodrive_devkit/src/f1tenth_stanley_controller/build/f1tenth_stanley_controller/build
[0.474s] creating /home/autodrive_devkit/src/f1tenth_stanley_controller/build/f1tenth_stanley_controller/build/lib
[0.474s] creating /home/autodrive_devkit/src/f1tenth_stanley_controller/build/f1tenth_stanley_controller/build/lib/f1tenth_stanley_controller
[0.474s] copying f1tenth_stanley_controller/__init__.py -> /home/autodrive_devkit/src/f1tenth_stanley_controller/build/f1tenth_stanley_controller/build/lib/f1tenth_stanley_controller
[0.474s] copying f1tenth_stanley_controller/controller_node.py -> /home/autodrive_devkit/src/f1tenth_stanley_controller/build/f1tenth_stanley_controller/build/lib/f1tenth_stanley_controller
[0.474s] copying f1tenth_stanley_controller/get_waypoints.py -> /home/autodrive_devkit/src/f1tenth_stanley_controller/build/f1tenth_stanley_controller/build/lib/f1tenth_stanley_controller
[0.474s] copying f1tenth_stanley_controller/wheel_odom_node.py -> /home/autodrive_devkit/src/f1tenth_stanley_controller/build/f1tenth_stanley_controller/build/lib/f1tenth_stanley_controller
[0.475s] running install
[0.475s] running install_lib
[0.475s] creating /home/autodrive_devkit/src/f1tenth_stanley_controller/install/f1tenth_stanley_controller/lib/python3.10/site-packages/f1tenth_stanley_controller
[0.475s] copying /home/autodrive_devkit/src/f1tenth_stanley_controller/build/f1tenth_stanley_controller/build/lib/f1tenth_stanley_controller/__init__.py -> /home/autodrive_devkit/src/f1tenth_stanley_controller/install/f1tenth_stanley_controller/lib/python3.10/site-packages/f1tenth_stanley_controller
[0.475s] copying /home/autodrive_devkit/src/f1tenth_stanley_controller/build/f1tenth_stanley_controller/build/lib/f1tenth_stanley_controller/wheel_odom_node.py -> /home/autodrive_devkit/src/f1tenth_stanley_controller/install/f1tenth_stanley_controller/lib/python3.10/site-packages/f1tenth_stanley_controller
[0.475s] copying /home/autodrive_devkit/src/f1tenth_stanley_controller/build/f1tenth_stanley_controller/build/lib/f1tenth_stanley_controller/controller_node.py -> /home/autodrive_devkit/src/f1tenth_stanley_controller/install/f1tenth_stanley_controller/lib/python3.10/site-packages/f1tenth_stanley_controller
[0.475s] copying /home/autodrive_devkit/src/f1tenth_stanley_controller/build/f1tenth_stanley_controller/build/lib/f1tenth_stanley_controller/get_waypoints.py -> /home/autodrive_devkit/src/f1tenth_stanley_controller/install/f1tenth_stanley_controller/lib/python3.10/site-packages/f1tenth_stanley_controller
[0.476s] byte-compiling /home/autodrive_devkit/src/f1tenth_stanley_controller/install/f1tenth_stanley_controller/lib/python3.10/site-packages/f1tenth_stanley_controller/__init__.py to __init__.cpython-310.pyc
[0.476s] byte-compiling /home/autodrive_devkit/src/f1tenth_stanley_controller/install/f1tenth_stanley_controller/lib/python3.10/site-packages/f1tenth_stanley_controller/wheel_odom_node.py to wheel_odom_node.cpython-310.pyc
[0.477s] byte-compiling /home/autodrive_devkit/src/f1tenth_stanley_controller/install/f1tenth_stanley_controller/lib/python3.10/site-packages/f1tenth_stanley_controller/controller_node.py to controller_node.cpython-310.pyc
[0.478s] byte-compiling /home/autodrive_devkit/src/f1tenth_stanley_controller/install/f1tenth_stanley_controller/lib/python3.10/site-packages/f1tenth_stanley_controller/get_waypoints.py to get_waypoints.cpython-310.pyc
[0.478s] running install_data
[0.478s] creating /home/autodrive_devkit/src/f1tenth_stanley_controller/install/f1tenth_stanley_controller/share/ament_index
[0.478s] creating /home/autodrive_devkit/src/f1tenth_stanley_controller/install/f1tenth_stanley_controller/share/ament_index/resource_index
[0.478s] creating /home/autodrive_devkit/src/f1tenth_stanley_controller/install/f1tenth_stanley_controller/share/ament_index/resource_index/packages
[0.478s] copying resource/f1tenth_stanley_controller -> /home/autodrive_devkit/src/f1tenth_stanley_controller/install/f1tenth_stanley_controller/share/ament_index/resource_index/packages
[0.478s] copying package.xml -> /home/autodrive_devkit/src/f1tenth_stanley_controller/install/f1tenth_stanley_controller/share/f1tenth_stanley_controller
[0.478s] creating /home/autodrive_devkit/src/f1tenth_stanley_controller/install/f1tenth_stanley_controller/share/f1tenth_stanley_controller/launch
[0.478s] copying launch/controller_launch.py -> /home/autodrive_devkit/src/f1tenth_stanley_controller/install/f1tenth_stanley_controller/share/f1tenth_stanley_controller/launch
[0.478s] running install_egg_info
[0.479s] Copying build/f1tenth_stanley_controller/f1tenth_stanley_controller.egg-info to /home/autodrive_devkit/src/f1tenth_stanley_controller/install/f1tenth_stanley_controller/lib/python3.10/site-packages/f1tenth_stanley_controller-0.0.0-py3.10.egg-info
[0.480s] running install_scripts
[0.493s] Installing controller_node script to /home/autodrive_devkit/src/f1tenth_stanley_controller/install/f1tenth_stanley_controller/lib/f1tenth_stanley_controller
[0.494s] Installing wheel_odom_node script to /home/autodrive_devkit/src/f1tenth_stanley_controller/install/f1tenth_stanley_controller/lib/f1tenth_stanley_controller
[0.494s] writing list of installed files to '/home/autodrive_devkit/src/f1tenth_stanley_controller/build/f1tenth_stanley_controller/install.log'
[0.516s] Invoked command in '/home/autodrive_devkit/src/f1tenth_stanley_controller' returned '0': PYTHONPATH=/home/autodrive_devkit/src/f1tenth_stanley_controller/build/f1tenth_stanley_controller/prefix_override:/usr/lib/python3/dist-packages/colcon_core/task/python/colcon_distutils_commands:/home/autodrive_devkit/src/f1tenth_stanley_controller/install/f1tenth_stanley_controller/lib/python3.10/site-packages:${PYTHONPATH} /usr/bin/python3 -W ignore:setup.py install is deprecated -W ignore:easy_install command is deprecated setup.py egg_info --egg-base build/f1tenth_stanley_controller build --build-base /home/autodrive_devkit/src/f1tenth_stanley_controller/build/f1tenth_stanley_controller/build install --record /home/autodrive_devkit/src/f1tenth_stanley_controller/build/f1tenth_stanley_controller/install.log --single-version-externally-managed install_data
