/home/autodrive_devkit/install/f1tenth_stanley_controller/lib/python3.10/site-packages/f1tenth_stanley_controller/__init__.py
/home/autodrive_devkit/install/f1tenth_stanley_controller/lib/python3.10/site-packages/f1tenth_stanley_controller/controller_node.py
/home/autodrive_devkit/install/f1tenth_stanley_controller/lib/python3.10/site-packages/f1tenth_stanley_controller/get_waypoints.py
/home/autodrive_devkit/install/f1tenth_stanley_controller/lib/python3.10/site-packages/f1tenth_stanley_controller/wheel_odom_node.py
/home/autodrive_devkit/install/f1tenth_stanley_controller/lib/python3.10/site-packages/f1tenth_stanley_controller/__pycache__/__init__.cpython-310.pyc
/home/autodrive_devkit/install/f1tenth_stanley_controller/lib/python3.10/site-packages/f1tenth_stanley_controller/__pycache__/controller_node.cpython-310.pyc
/home/autodrive_devkit/install/f1tenth_stanley_controller/lib/python3.10/site-packages/f1tenth_stanley_controller/__pycache__/get_waypoints.cpython-310.pyc
/home/autodrive_devkit/install/f1tenth_stanley_controller/lib/python3.10/site-packages/f1tenth_stanley_controller/__pycache__/wheel_odom_node.cpython-310.pyc
/home/autodrive_devkit/install/f1tenth_stanley_controller/share/ament_index/resource_index/packages/f1tenth_stanley_controller
/home/autodrive_devkit/install/f1tenth_stanley_controller/share/f1tenth_stanley_controller/package.xml
/home/autodrive_devkit/install/f1tenth_stanley_controller/share/f1tenth_stanley_controller/launch/controller_launch.py
/home/autodrive_devkit/install/f1tenth_stanley_controller/lib/python3.10/site-packages/f1tenth_stanley_controller-0.0.0-py3.10.egg-info/requires.txt
/home/autodrive_devkit/install/f1tenth_stanley_controller/lib/python3.10/site-packages/f1tenth_stanley_controller-0.0.0-py3.10.egg-info/SOURCES.txt
/home/autodrive_devkit/install/f1tenth_stanley_controller/lib/python3.10/site-packages/f1tenth_stanley_controller-0.0.0-py3.10.egg-info/top_level.txt
/home/autodrive_devkit/install/f1tenth_stanley_controller/lib/python3.10/site-packages/f1tenth_stanley_controller-0.0.0-py3.10.egg-info/entry_points.txt
/home/autodrive_devkit/install/f1tenth_stanley_controller/lib/python3.10/site-packages/f1tenth_stanley_controller-0.0.0-py3.10.egg-info/PKG-INFO
/home/autodrive_devkit/install/f1tenth_stanley_controller/lib/python3.10/site-packages/f1tenth_stanley_controller-0.0.0-py3.10.egg-info/dependency_links.txt
/home/autodrive_devkit/install/f1tenth_stanley_controller/lib/python3.10/site-packages/f1tenth_stanley_controller-0.0.0-py3.10.egg-info/zip-safe
/home/autodrive_devkit/install/f1tenth_stanley_controller/lib/f1tenth_stanley_controller/controller_node
/home/autodrive_devkit/install/f1tenth_stanley_controller/lib/f1tenth_stanley_controller/wheel_odom_node
